<?xml version="1.0" encoding="UTF-8"?>
<testsuite name="Weather Rest API test Automation" tests="1" skipped="0" failures="1" errors="0" timestamp="2019-11-20T07:28:39" hostname="kshitijbaluni" time="3.729">
  <properties/>
  <testcase name="Testing the response from the weather API" classname="Weather Rest API test Automation" time="3.729">
    <failure message="com.fasterxml.jackson.databind.exc.UnrecognizedPropertyException: Unrecognized field &quot;City&quot; (class model.Weather), not marked as ignorable (6 known properties: &quot;humidity&quot;, &quot;temperature&quot;, &quot;weatherDescription&quot;, &quot;city&quot;, &quot;windSpeed&quot;, &quot;windDirectionDegree&quot;])&#10; at [Source: (String)&quot;{&#10;    &quot;City&quot;: &quot;Dehradun&quot;,&#10;    &quot;Temperature&quot;: &quot;19.3 Degree celsius&quot;,&#10;    &quot;Humidity&quot;: &quot;37 Percent&quot;,&#10;    &quot;WeatherDescription&quot;: &quot;overcast clouds&quot;,&#10;    &quot;WindSpeed&quot;: &quot;2.21 Km per hour&quot;,&#10;    &quot;WindDirectionDegree&quot;: &quot;237 Degree&quot;&#10;}&quot;; line: 2, column: 14] (through reference chain: model.Weather[&quot;City&quot;])" type="com.fasterxml.jackson.databind.exc.UnrecognizedPropertyException">com.fasterxml.jackson.databind.exc.UnrecognizedPropertyException: Unrecognized field &quot;City&quot; (class model.Weather), not marked as ignorable (6 known properties: &quot;humidity&quot;, &quot;temperature&quot;, &quot;weatherDescription&quot;, &quot;city&quot;, &quot;windSpeed&quot;, &quot;windDirectionDegree&quot;])
 at [Source: (String)&quot;{
    &quot;City&quot;: &quot;Dehradun&quot;,
    &quot;Temperature&quot;: &quot;19.3 Degree celsius&quot;,
    &quot;Humidity&quot;: &quot;37 Percent&quot;,
    &quot;WeatherDescription&quot;: &quot;overcast clouds&quot;,
    &quot;WindSpeed&quot;: &quot;2.21 Km per hour&quot;,
    &quot;WindDirectionDegree&quot;: &quot;237 Degree&quot;
}&quot;; line: 2, column: 14] (through reference chain: model.Weather[&quot;City&quot;])
	at com.fasterxml.jackson.databind.exc.UnrecognizedPropertyException.from(UnrecognizedPropertyException.java:61)
	at com.fasterxml.jackson.databind.DeserializationContext.handleUnknownProperty(DeserializationContext.java:840)
	at com.fasterxml.jackson.databind.deser.std.StdDeserializer.handleUnknownProperty(StdDeserializer.java:1192)
	at com.fasterxml.jackson.databind.deser.BeanDeserializerBase.handleUnknownProperty(BeanDeserializerBase.java:1592)
	at com.fasterxml.jackson.databind.deser.BeanDeserializerBase.handleUnknownVanilla(BeanDeserializerBase.java:1570)
	at com.fasterxml.jackson.databind.deser.BeanDeserializer.vanillaDeserialize(BeanDeserializer.java:294)
	at com.fasterxml.jackson.databind.deser.BeanDeserializer.deserialize(BeanDeserializer.java:151)
	at com.fasterxml.jackson.databind.ObjectMapper._readMapAndClose(ObjectMapper.java:4202)
	at com.fasterxml.jackson.databind.ObjectMapper.readValue(ObjectMapper.java:3205)
	at com.fasterxml.jackson.databind.ObjectMapper$readValue$0.call(Unknown Source)
	at org.codehaus.groovy.runtime.callsite.CallSiteArray.defaultCall(CallSiteArray.java:47)
	at org.codehaus.groovy.runtime.callsite.AbstractCallSite.call(AbstractCallSite.java:115)
	at org.codehaus.groovy.runtime.callsite.AbstractCallSite.call(AbstractCallSite.java:135)
	at io.restassured.internal.path.json.mapping.JsonPathJackson2ObjectDeserializer.deserialize(JsonPathJackson2ObjectDeserializer.groovy:46)
	at io.restassured.path.json.mapping.JsonPathObjectDeserializer$deserialize.call(Unknown Source)
	at org.codehaus.groovy.runtime.callsite.CallSiteArray.defaultCall(CallSiteArray.java:47)
	at org.codehaus.groovy.runtime.callsite.AbstractCallSite.call(AbstractCallSite.java:115)
	at org.codehaus.groovy.runtime.callsite.AbstractCallSite.call(AbstractCallSite.java:127)
	at io.restassured.internal.mapping.Jackson2Mapper.deserialize(Jackson2Mapper.groovy:58)
	at io.restassured.mapper.ObjectMapper$deserialize.call(Unknown Source)
	at org.codehaus.groovy.runtime.callsite.CallSiteArray.defaultCall(CallSiteArray.java:47)
	at org.codehaus.groovy.runtime.callsite.AbstractCallSite.call(AbstractCallSite.java:115)
	at org.codehaus.groovy.runtime.callsite.AbstractCallSite.call(AbstractCallSite.java:127)
	at io.restassured.internal.mapping.ObjectMapping.parseWithJackson2(ObjectMapping.groovy:221)
	at io.restassured.internal.mapping.ObjectMapping$parseWithJackson2$0.callStatic(Unknown Source)
	at org.codehaus.groovy.runtime.callsite.CallSiteArray.defaultCallStatic(CallSiteArray.java:55)
	at org.codehaus.groovy.runtime.callsite.AbstractCallSite.callStatic(AbstractCallSite.java:196)
	at org.codehaus.groovy.runtime.callsite.AbstractCallSite.callStatic(AbstractCallSite.java:216)
	at io.restassured.internal.mapping.ObjectMapping.deserialize(ObjectMapping.groovy:58)
	at io.restassured.internal.mapping.ObjectMapping$deserialize.call(Unknown Source)
	at org.codehaus.groovy.runtime.callsite.CallSiteArray.defaultCall(CallSiteArray.java:47)
	at org.codehaus.groovy.runtime.callsite.AbstractCallSite.call(AbstractCallSite.java:115)
	at io.restassured.internal.RestAssuredResponseOptionsGroovyImpl.as(RestAssuredResponseOptionsGroovyImpl.groovy:224)
	at io.restassured.internal.RestAssuredResponseOptionsImpl.as(RestAssuredResponseOptionsImpl.java:169)
	at steps.WeatherDefinitions.the_api_giving_JSON_response_body(WeatherDefinitions.java:41)
	at ✽.The api giving JSON response body(/home/kshitijbaluni/IdeaProjects/cucumber-application/src/test/resources/weather.feature:5)
</failure>
  </testcase>
  <system-out><![CDATA[Setup the URI for the test System url ::http://restapi.demoqa.com/utilities/weather/city/Dehradun
Application Test Status code::200
Close the System
]]></system-out>
  <system-err><![CDATA[]]></system-err>
</testsuite>
